#
# There is insufficient memory for the Java Runtime Environment to continue.
# Native memory allocation (malloc) failed to allocate 1048576 bytes. Error detail: AllocateHeap
# Possible reasons:
#   The system is out of physical RAM or swap space
#   This process is running with CompressedOops enabled, and the Java Heap may be blocking the growth of the native heap
# Possible solutions:
#   Reduce memory load on the system
#   Increase physical memory or swap space
#   Check if swap backing store is full
#   Decrease Java heap size (-Xmx/-Xms)
#   Decrease number of Java threads
#   Decrease Java thread stack sizes (-Xss)
#   Set larger code cache with -XX:ReservedCodeCacheSize=
#   JVM is running with Unscaled Compressed Oops mode in which the Java heap is
#     placed in the first 4GB address space. The Java Heap base address is the
#     maximum limit for the native heap growth. Please use -XX:HeapBaseMinAddress
#     to set the Java Heap base and to place the Java Heap above 4GB virtual address.
# This output file may be truncated or incomplete.
#
#  Out of Memory Error (allocation.cpp:44), pid=9420, tid=7840
#
# JRE version: OpenJDK Runtime Environment Temurin-21.0.10+7 (21.0.10+7) (build 21.0.10+7-LTS)
# Java VM: OpenJDK 64-Bit Server VM Temurin-21.0.10+7 (21.0.10+7-LTS, mixed mode, sharing, tiered, compressed oops, compressed class ptrs, parallel gc, windows-amd64)
# No core dump will be written. Minidumps are not enabled by default on client versions of Windows
#

---------------  S U M M A R Y ------------

Command Line: --add-modules=ALL-SYSTEM --add-opens=java.base/java.util=ALL-UNNAMED --add-opens=java.base/java.lang=ALL-UNNAMED --add-opens=java.base/sun.nio.fs=ALL-UNNAMED -Declipse.application=org.eclipse.jdt.ls.core.id1 -Dosgi.bundles.defaultStartLevel=4 -Declipse.product=org.eclipse.jdt.ls.core.product -Djava.import.generatesMetadataFilesAtProjectRoot=false -DDetectVMInstallationsJob.disabled=true -Dfile.encoding=utf8 -XX:+UseParallelGC -XX:GCTimeRatio=4 -XX:AdaptiveSizePolicyWeight=90 -Dsun.zip.disableMemoryMapping=true -Xmx2G -Xms100m -Xlog:disable -javaagent:c:\Users\Asus\.vscode\extensions\redhat.java-1.54.0-win32-x64\lombok\lombok-1.18.39-4050.jar -XX:+HeapDumpOnOutOfMemoryError -XX:HeapDumpPath=c:\Users\Asus\AppData\Roaming\Code\User\workspaceStorage\40e30e32edeb16a1481251fe87c5cfc4\redhat.java -Daether.dependencyCollector.impl=bf c:\Users\Asus\.vscode\extensions\redhat.java-1.54.0-win32-x64\server\plugins\org.eclipse.equinox.launcher_1.7.100.v20251111-0406.jar -configuration c:\Users\Asus\AppData\Roaming\Code\User\globalStorage\redhat.java\1.54.0\config_win -data c:\Users\Asus\AppData\Roaming\Code\User\workspaceStorage\40e30e32edeb16a1481251fe87c5cfc4\redhat.java\jdt_ws --pipe=\\.\pipe\lsp-6f1c3217ac6aa3a910e366c11c464623-sock

Host: AMD Ryzen 3 3250U with Radeon Graphics         , 4 cores, 5G,  Windows 11 , 64 bit Build 26100 (10.0.26100.8521)
Time: Fri Jun 19 18:05:25 2026 India Standard Time elapsed time: 1072.521856 seconds (0d 0h 17m 52s)

---------------  T H R E A D  ---------------

Current thread (0x00000199ce2fbfc0):  JavaThread "Attach Listener" daemon [_thread_in_vm, id=7840, stack(0x0000002ad6c00000,0x0000002ad6d00000) (1024K)]

Stack: [0x0000002ad6c00000,0x0000002ad6d00000]
Native frames: (J=compiled Java code, j=interpreted, Vv=VM code, C=native code)
V  [jvm.dll+0x6d7a39]
V  [jvm.dll+0x8b4b26]
V  [jvm.dll+0x8b70de]
V  [jvm.dll+0x8b77c3]
V  [jvm.dll+0x284346]
V  [jvm.dll+0xc1277]
V  [jvm.dll+0x6d82e9]
V  [jvm.dll+0x1334a6]
V  [jvm.dll+0x3f857e]
V  [jvm.dll+0x85f59d]
V  [jvm.dll+0x6d626d]
C  [ucrtbase.dll+0x2cd30]
C  [KERNEL32.DLL+0x2e957]
C  [ntdll.dll+0x87c1c]


---------------  P R O C E S S  ---------------

Threads class SMR info:
_java_thread_list=0x00000199eabf03a0, length=30, elements={
0x00000199cbfcecb0, 0x00000199ce2f6a10, 0x00000199ce2f99e0, 0x00000199ce2fb950,
0x00000199ce2fbfc0, 0x00000199ce3035b0, 0x00000199ce304010, 0x00000199ce304e50,
0x00000199ce377320, 0x00000199e5aa63e0, 0x00000199e5b2c7f0, 0x00000199ea8ce280,
0x00000199ea70f9a0, 0x00000199ea8d1450, 0x00000199ea2e5090, 0x00000199ea204dc0,
0x00000199eb48cfa0, 0x00000199eb48d630, 0x00000199eb48dcc0, 0x00000199eb955b10,
0x00000199eb9533b0, 0x00000199eb954760, 0x00000199eb955480, 0x00000199eb9540d0,
0x00000199ea09be10, 0x00000199ea09d850, 0x00000199ea09d1c0, 0x00000199ea09c4a0,
0x00000199ea09aa60, 0x00000199ea09b0f0
}

Java Threads: ( => current thread )
  0x00000199cbfcecb0 JavaThread "main"                              [_thread_blocked, id=18904, stack(0x0000002ad6500000,0x0000002ad6600000) (1024K)]
  0x00000199ce2f6a10 JavaThread "Reference Handler"          daemon [_thread_blocked, id=4048, stack(0x0000002ad6900000,0x0000002ad6a00000) (1024K)]
  0x00000199ce2f99e0 JavaThread "Finalizer"                  daemon [_thread_blocked, id=9680, stack(0x0000002ad6a00000,0x0000002ad6b00000) (1024K)]
  0x00000199ce2fb950 JavaThread "Signal Dispatcher"          daemon [_thread_blocked, id=12460, stack(0x0000002ad6b00000,0x0000002ad6c00000) (1024K)]
=>0x00000199ce2fbfc0 JavaThread "Attach Listener"            daemon [_thread_in_vm, id=7840, stack(0x0000002ad6c00000,0x0000002ad6d00000) (1024K)]
  0x00000199ce3035b0 JavaThread "Service Thread"             daemon [_thread_blocked, id=18196, stack(0x0000002ad6d00000,0x0000002ad6e00000) (1024K)]
  0x00000199ce304010 JavaThread "Monitor Deflation Thread"   daemon [_thread_blocked, id=6940, stack(0x0000002ad6e00000,0x0000002ad6f00000) (1024K)]
  0x00000199ce304e50 JavaThread "C2 CompilerThread0"         daemon [_thread_blocked, id=6708, stack(0x0000002ad6f00000,0x0000002ad7000000) (1024K)]
  0x00000199ce377320 JavaThread "C1 CompilerThread0"         daemon [_thread_blocked, id=17364, stack(0x0000002ad7000000,0x0000002ad7100000) (1024K)]
  0x00000199e5aa63e0 JavaThread "Common-Cleaner"             daemon [_thread_blocked, id=17388, stack(0x0000002ad7100000,0x0000002ad7200000) (1024K)]
  0x00000199e5b2c7f0 JavaThread "Notification Thread"        daemon [_thread_blocked, id=3640, stack(0x0000002ad7200000,0x0000002ad7300000) (1024K)]
  0x00000199ea8ce280 JavaThread "Active Thread: Equinox Container: 67d49fd2-95d7-42fc-b331-85ae08adf3bb"        [_thread_blocked, id=18880, stack(0x0000002ad7a00000,0x0000002ad7b00000) (1024K)]
  0x00000199ea70f9a0 JavaThread "Framework Event Dispatcher: Equinox Container: 67d49fd2-95d7-42fc-b331-85ae08adf3bb" daemon [_thread_blocked, id=19276, stack(0x0000002ad7600000,0x0000002ad7700000) (1024K)]
  0x00000199ea8d1450 JavaThread "Start Level: Equinox Container: 67d49fd2-95d7-42fc-b331-85ae08adf3bb" daemon [_thread_blocked, id=9292, stack(0x0000002ad7700000,0x0000002ad7800000) (1024K)]
  0x00000199ea2e5090 JavaThread "Bundle File Closer"         daemon [_thread_blocked, id=3996, stack(0x0000002ad7800000,0x0000002ad7900000) (1024K)]
  0x00000199ea204dc0 JavaThread "Refresh Thread: Equinox Container: 67d49fd2-95d7-42fc-b331-85ae08adf3bb" daemon [_thread_blocked, id=1944, stack(0x0000002ad7900000,0x0000002ad7a00000) (1024K)]
  0x00000199eb48cfa0 JavaThread "SCR Component Actor"        daemon [_thread_blocked, id=13768, stack(0x0000002ad7b00000,0x0000002ad7c00000) (1024K)]
  0x00000199eb48d630 JavaThread "Worker-JM"                         [_thread_blocked, id=18064, stack(0x0000002ad7d00000,0x0000002ad7e00000) (1024K)]
  0x00000199eb48dcc0 JavaThread "JNA Cleaner"                daemon [_thread_blocked, id=13756, stack(0x0000002ad7c00000,0x0000002ad7d00000) (1024K)]
  0x00000199eb955b10 JavaThread "Java indexing"              daemon [_thread_blocked, id=15516, stack(0x0000002ad8200000,0x0000002ad8300000) (1024K)]
  0x00000199eb9533b0 JavaThread "Worker-3"                          [_thread_blocked, id=6596, stack(0x0000002ad8300000,0x0000002ad8400000) (1024K)]
  0x00000199eb954760 JavaThread "Worker-5"                          [_thread_blocked, id=16292, stack(0x0000002ad8700000,0x0000002ad8800000) (1024K)]
  0x00000199eb955480 JavaThread "Thread-1"                   daemon [_thread_in_native, id=11004, stack(0x0000002ad8800000,0x0000002ad8900000) (1024K)]
  0x00000199eb9540d0 JavaThread "Thread-2"                   daemon [_thread_in_native, id=10772, stack(0x0000002ad8900000,0x0000002ad8a00000) (1024K)]
  0x00000199ea09be10 JavaThread "Thread-3"                   daemon [_thread_in_native, id=18144, stack(0x0000002ad8a00000,0x0000002ad8b00000) (1024K)]
  0x00000199ea09d850 JavaThread "Thread-4"                   daemon [_thread_in_native, id=7796, stack(0x0000002ad8b00000,0x0000002ad8c00000) (1024K)]
  0x00000199ea09d1c0 JavaThread "Thread-5"                   daemon [_thread_in_native, id=19080, stack(0x0000002ad8c00000,0x0000002ad8d00000) (1024K)]
  0x00000199ea09c4a0 JavaThread "pool-2-thread-1"                   [_thread_blocked, id=18340, stack(0x0000002ad6400000,0x0000002ad6500000) (1024K)]
  0x00000199ea09aa60 JavaThread "WorkspaceEventsHandler"            [_thread_blocked, id=2480, stack(0x0000002ad8d00000,0x0000002ad8e00000) (1024K)]
  0x00000199ea09b0f0 JavaThread "pool-1-thread-1"                   [_thread_blocked, id=11644, stack(0x0000002ad8e00000,0x0000002ad8f00000) (1024K)]
Total: 30

Other Threads:
  0x00000199ce2efaa0 VMThread "VM Thread"                           [id=8568, stack(0x0000002ad6800000,0x0000002ad6900000) (1024K)]
  0x00000199ce28ba00 WatcherThread "VM Periodic Task Thread"        [id=12064, stack(0x0000002ad6700000,0x0000002ad6800000) (1024K)]
  0x00000199ce425d30 WorkerThread "GC Thread#0"                     [id=18684, stack(0x0000002ad6600000,0x0000002ad6700000) (1024K)]
  0x00000199ea4a6870 WorkerThread "GC Thread#1"                     [id=14528, stack(0x0000002ad7300000,0x0000002ad7400000) (1024K)]
  0x00000199ea750ac0 WorkerThread "GC Thread#2"                     [id=8244, stack(0x0000002ad7400000,0x0000002ad7500000) (1024K)]
  0x00000199ea750e70 WorkerThread "GC Thread#3"                     [id=10688, stack(0x0000002ad7500000,0x0000002ad7600000) (1024K)]
Total: 6

Threads with active compile tasks:
Total: 0

VM state: not at safepoint (normal execution)

VM Mutex/Monitor currently owned by a thread: None

Heap address: 0x0000000080000000, size: 2048 MB, Compressed Oops mode: 32-bit

CDS archive(s) mapped at: [0x0000019980000000-0x0000019980ba0000-0x0000019980ba0000), size 12189696, SharedBaseAddress: 0x0000019980000000, ArchiveRelocationMode: 1.
Compressed class space mapped at: 0x0000019981000000-0x00000199c1000000, reserved size: 1073741824
Narrow klass base: 0x0000019980000000, Narrow klass shift: 0, Narrow klass range: 0x100000000

GC Precious Log:
 CardTable entry size: 512
 CPUs: 4 total, 4 available
 Memory: 6091M
 Large Page Support: Disabled
 NUMA Support: Disabled
 Compressed Oops: Enabled (32-bit)
 Alignments: Space 512K, Generation 512K, Heap 2M
 Heap Min Capacity: 100M
 Heap Initial Capacity: 100M
 Heap Max Capacity: 2G
 Pre-touch: Disabled
 Parallel Workers: 4

Heap:
 PSYoungGen      total 3072K, used 783K [0x00000000d5580000, 0x00000000d5980000, 0x0000000100000000)
  eden space 2560K, 25% used [0x00000000d5580000,0x00000000d5623d30,0x00000000d5800000)
  from space 512K, 25% used [0x00000000d5880000,0x00000000d58a0000,0x00000000d5900000)
  to   space 512K, 0% used [0x00000000d5900000,0x00000000d5900000,0x00000000d5980000)
 ParOldGen       total 139264K, used 139187K [0x0000000080000000, 0x0000000088800000, 0x00000000d5580000)
  object space 139264K, 99% used [0x0000000080000000,0x00000000887ecf38,0x0000000088800000)
 Metaspace       used 61637K, committed 63040K, reserved 1114112K
  class space    used 6499K, committed 7168K, reserved 1048576K

Card table byte_map: [0x00000199cdda0000,0x00000199ce1b0000] _byte_map_base: 0x00000199cd9a0000

Marking Bits: (ParMarkBitMap*) 0x00007ff94fde3450
 Begin Bits: [0x00000199e08b0000, 0x00000199e28b0000)
 End Bits:   [0x00000199e28b0000, 0x00000199e48b0000)

Polling page: 0x00000199cc190000

Metaspace:

Usage:
  Non-class:     53.85 MB used.
      Class:      6.35 MB used.
       Both:     60.19 MB used.

Virtual space:
  Non-class space:       64.00 MB reserved,      54.56 MB ( 85%) committed,  1 nodes.
      Class space:        1.00 GB reserved,       7.00 MB ( <1%) committed,  1 nodes.
             Both:        1.06 GB reserved,      61.56 MB (  6%) committed. 

Chunk freelists:
   Non-Class:  8.76 MB
       Class:  8.97 MB
        Both:  17.73 MB

MaxMetaspaceSize: unlimited
CompressedClassSpaceSize: 1.00 GB
Initial GC threshold: 21.00 MB
Current GC threshold: 97.31 MB
CDS: on
 - commit_granule_bytes: 65536.
 - commit_granule_words: 8192.
 - virtual_space_node_default_size: 8388608.
 - enlarge_chunks_in_place: 1.
 - use_allocation_guard: 0.


Internal statistics:

num_allocs_failed_limit: 9.
num_arena_births: 1180.
num_arena_deaths: 16.
num_vsnodes_births: 2.
num_vsnodes_deaths: 0.
num_space_committed: 985.
num_space_uncommitted: 0.
num_chunks_returned_to_freelist: 25.
num_chunks_taken_from_freelist: 4083.
num_chunk_merges: 13.
num_chunk_splits: 2494.
num_chunks_enlarged: 1378.
num_inconsistent_stats: 0.

CodeHeap 'non-profiled nmethods': size=120000Kb used=8943Kb max_used=8943Kb free=111057Kb
 bounds [0x00000199d90d0000, 0x00000199d9990000, 0x00000199e0600000]
CodeHeap 'profiled nmethods': size=120000Kb used=24912Kb max_used=24912Kb free=95087Kb
 bounds [0x00000199d1600000, 0x00000199d2e60000, 0x00000199d8b30000]
CodeHeap 'non-nmethods': size=5760Kb used=1419Kb max_used=1497Kb free=4340Kb
 bounds [0x00000199d8b30000, 0x00000199d8da0000, 0x00000199d90d0000]
CodeCache: size=245760Kb, used=35274Kb, max_used=35352Kb, free=210484Kb
 total_blobs=11342, nmethods=10616, adapters=631, full_count=0
Compilation: enabled, stopped_count=0, restarted_count=0

Compilation events (20 events):
Event: 519.656 Thread 0x00000199ce304e50 11608       4       java.lang.invoke.VarHandleReferences$FieldInstanceReadWrite::compareAndSet (48 bytes)
Event: 519.671 Thread 0x00000199ce304e50 nmethod 11608 0x00000199d998b190 code [0x00000199d998b340, 0x00000199d998b628]
Event: 553.535 Thread 0x00000199ce377320 11609       3       java.util.concurrent.ScheduledThreadPoolExecutor$ScheduledFutureTask::getDelay (16 bytes)
Event: 553.536 Thread 0x00000199ce377320 nmethod 11609 0x00000199d2e51090 code [0x00000199d2e51240, 0x00000199d2e513d8]
Event: 604.105 Thread 0x00000199ce377320 11610       3       java.util.concurrent.locks.ReentrantLock::lockInterruptibly (8 bytes)
Event: 604.111 Thread 0x00000199ce377320 nmethod 11610 0x00000199d2e51490 code [0x00000199d2e516a0, 0x00000199d2e51c28]
Event: 604.111 Thread 0x00000199ce377320 11611       3       java.util.concurrent.locks.ReentrantLock$Sync::lockInterruptibly (27 bytes)
Event: 604.112 Thread 0x00000199ce377320 nmethod 11611 0x00000199d2e51e10 code [0x00000199d2e52000, 0x00000199d2e52528]
Event: 969.837 Thread 0x00000199ce377320 11613       3       java.util.concurrent.ScheduledThreadPoolExecutor$ScheduledFutureTask::isPeriodic (15 bytes)
Event: 969.843 Thread 0x00000199ce377320 nmethod 11613 0x00000199d2e52710 code [0x00000199d2e528a0, 0x00000199d2e52a08]
Event: 1047.605 Thread 0x00000199ce377320 11614       3       java.util.concurrent.ScheduledThreadPoolExecutor$DelayedWorkQueue::take (5 bytes)
Event: 1047.609 Thread 0x00000199ce377320 nmethod 11614 0x00000199d2e52a90 code [0x00000199d2e52c40, 0x00000199d2e52d98]
Event: 1057.609 Thread 0x00000199ce377320 11615       3       java.util.concurrent.ScheduledThreadPoolExecutor$DelayedWorkQueue::add (9 bytes)
Event: 1057.611 Thread 0x00000199ce377320 nmethod 11615 0x00000199d2e52e90 code [0x00000199d2e53060, 0x00000199d2e53338]
Event: 1057.611 Thread 0x00000199ce377320 11616       3       java.util.concurrent.ScheduledThreadPoolExecutor$DelayedWorkQueue::add (6 bytes)
Event: 1057.611 Thread 0x00000199ce377320 nmethod 11616 0x00000199d2e53410 code [0x00000199d2e535c0, 0x00000199d2e53718]
Event: 1057.612 Thread 0x00000199ce377320 11617       3       java.util.concurrent.ThreadPoolExecutor::ensurePrestart (41 bytes)
Event: 1057.618 Thread 0x00000199ce377320 nmethod 11617 0x00000199d2e53810 code [0x00000199d2e539e0, 0x00000199d2e53c90]
Event: 1059.881 Thread 0x00000199ce377320 11618       3       java.util.concurrent.ScheduledThreadPoolExecutor::triggerTime (22 bytes)
Event: 1059.882 Thread 0x00000199ce377320 nmethod 11618 0x00000199d2e53d90 code [0x00000199d2e53f40, 0x00000199d2e54120]

GC Heap History (20 events):
Event: 103.668 GC heap before
{Heap before GC invocations=273 (full 3):
 PSYoungGen      total 3584K, used 3422K [0x00000000d5580000, 0x00000000d5a00000, 0x0000000100000000)
  eden space 2560K, 100% used [0x00000000d5580000,0x00000000d5800000,0x00000000d5800000)
  from space 1024K, 84% used [0x00000000d5800000,0x00000000d58d7810,0x00000000d5900000)
  to   space 1024K, 0% used [0x00000000d5900000,0x00000000d5900000,0x00000000d5a00000)
 ParOldGen       total 132096K, used 131808K [0x0000000080000000, 0x0000000088100000, 0x00000000d5580000)
  object space 132096K, 99% used [0x0000000080000000,0x00000000880b80f8,0x0000000088100000)
 Metaspace       used 61567K, committed 63040K, reserved 1114112K
  class space    used 6496K, committed 7168K, reserved 1048576K
}
Event: 103.670 GC heap after
{Heap after GC invocations=273 (full 3):
 PSYoungGen      total 3584K, used 904K [0x00000000d5580000, 0x00000000d5a00000, 0x0000000100000000)
  eden space 2560K, 0% used [0x00000000d5580000,0x00000000d5580000,0x00000000d5800000)
  from space 1024K, 88% used [0x00000000d5900000,0x00000000d59e23e0,0x00000000d5a00000)
  to   space 1024K, 0% used [0x00000000d5800000,0x00000000d5800000,0x00000000d5900000)
 ParOldGen       total 133120K, used 132626K [0x0000000080000000, 0x0000000088200000, 0x00000000d5580000)
  object space 133120K, 99% used [0x0000000080000000,0x0000000088184b90,0x0000000088200000)
 Metaspace       used 61567K, committed 63040K, reserved 1114112K
  class space    used 6496K, committed 7168K, reserved 1048576K
}
Event: 103.730 GC heap before
{Heap before GC invocations=274 (full 3):
 PSYoungGen      total 3584K, used 3464K [0x00000000d5580000, 0x00000000d5a00000, 0x0000000100000000)
  eden space 2560K, 100% used [0x00000000d5580000,0x00000000d5800000,0x00000000d5800000)
  from space 1024K, 88% used [0x00000000d5900000,0x00000000d59e23e0,0x00000000d5a00000)
  to   space 1024K, 0% used [0x00000000d5800000,0x00000000d5800000,0x00000000d5900000)
 ParOldGen       total 133120K, used 132626K [0x0000000080000000, 0x0000000088200000, 0x00000000d5580000)
  object space 133120K, 99% used [0x0000000080000000,0x0000000088184b90,0x0000000088200000)
 Metaspace       used 61567K, committed 63040K, reserved 1114112K
  class space    used 6496K, committed 7168K, reserved 1048576K
}
Event: 103.733 GC heap after
{Heap after GC invocations=274 (full 3):
 PSYoungGen      total 3584K, used 996K [0x00000000d5580000, 0x00000000d5d00000, 0x0000000100000000)
  eden space 2560K, 0% used [0x00000000d5580000,0x00000000d5580000,0x00000000d5800000)
  from space 1024K, 97% used [0x00000000d5800000,0x00000000d58f9008,0x00000000d5900000)
  to   space 2560K, 0% used [0x00000000d5a80000,0x00000000d5a80000,0x00000000d5d00000)
 ParOldGen       total 133632K, used 133605K [0x0000000080000000, 0x0000000088280000, 0x00000000d5580000)
  object space 133632K, 99% used [0x0000000080000000,0x0000000088279778,0x0000000088280000)
 Metaspace       used 61567K, committed 63040K, reserved 1114112K
  class space    used 6496K, committed 7168K, reserved 1048576K
}
Event: 103.835 GC heap before
{Heap before GC invocations=275 (full 3):
 PSYoungGen      total 3584K, used 3556K [0x00000000d5580000, 0x00000000d5d00000, 0x0000000100000000)
  eden space 2560K, 100% used [0x00000000d5580000,0x00000000d5800000,0x00000000d5800000)
  from space 1024K, 97% used [0x00000000d5800000,0x00000000d58f9008,0x00000000d5900000)
  to   space 2560K, 0% used [0x00000000d5a80000,0x00000000d5a80000,0x00000000d5d00000)
 ParOldGen       total 133632K, used 133605K [0x0000000080000000, 0x0000000088280000, 0x00000000d5580000)
  object space 133632K, 99% used [0x0000000080000000,0x0000000088279778,0x0000000088280000)
 Metaspace       used 61568K, committed 63040K, reserved 1114112K
  class space    used 6496K, committed 7168K, reserved 1048576K
}
Event: 103.838 GC heap after
{Heap after GC invocations=275 (full 3):
 PSYoungGen      total 3584K, used 978K [0x00000000d5580000, 0x00000000d5b80000, 0x0000000100000000)
  eden space 2560K, 0% used [0x00000000d5580000,0x00000000d5580000,0x00000000d5800000)
  from space 1024K, 95% used [0x00000000d5a80000,0x00000000d5b74808,0x00000000d5b80000)
  to   space 1536K, 0% used [0x00000000d5880000,0x00000000d5880000,0x00000000d5a00000)
 ParOldGen       total 134656K, used 134559K [0x0000000080000000, 0x0000000088380000, 0x00000000d5580000)
  object space 134656K, 99% used [0x0000000080000000,0x0000000088367f38,0x0000000088380000)
 Metaspace       used 61568K, committed 63040K, reserved 1114112K
  class space    used 6496K, committed 7168K, reserved 1048576K
}
Event: 104.093 GC heap before
{Heap before GC invocations=276 (full 3):
 PSYoungGen      total 3584K, used 3538K [0x00000000d5580000, 0x00000000d5b80000, 0x0000000100000000)
  eden space 2560K, 100% used [0x00000000d5580000,0x00000000d5800000,0x00000000d5800000)
  from space 1024K, 95% used [0x00000000d5a80000,0x00000000d5b74808,0x00000000d5b80000)
  to   space 1536K, 0% used [0x00000000d5880000,0x00000000d5880000,0x00000000d5a00000)
 ParOldGen       total 134656K, used 134559K [0x0000000080000000, 0x0000000088380000, 0x00000000d5580000)
  object space 134656K, 99% used [0x0000000080000000,0x0000000088367f38,0x0000000088380000)
 Metaspace       used 61568K, committed 63040K, reserved 1114112K
  class space    used 6496K, committed 7168K, reserved 1048576K
}
Event: 104.095 GC heap after
{Heap after GC invocations=276 (full 3):
 PSYoungGen      total 4096K, used 924K [0x00000000d5580000, 0x00000000d5b00000, 0x0000000100000000)
  eden space 2560K, 0% used [0x00000000d5580000,0x00000000d5580000,0x00000000d5800000)
  from space 1536K, 60% used [0x00000000d5880000,0x00000000d5967018,0x00000000d5a00000)
  to   space 1024K, 0% used [0x00000000d5a00000,0x00000000d5a00000,0x00000000d5b00000)
 ParOldGen       total 135680K, used 135346K [0x0000000080000000, 0x0000000088480000, 0x00000000d5580000)
  object space 135680K, 99% used [0x0000000080000000,0x000000008842cb28,0x0000000088480000)
 Metaspace       used 61568K, committed 63040K, reserved 1114112K
  class space    used 6496K, committed 7168K, reserved 1048576K
}
Event: 104.325 GC heap before
{Heap before GC invocations=277 (full 3):
 PSYoungGen      total 4096K, used 3484K [0x00000000d5580000, 0x00000000d5b00000, 0x0000000100000000)
  eden space 2560K, 100% used [0x00000000d5580000,0x00000000d5800000,0x00000000d5800000)
  from space 1536K, 60% used [0x00000000d5880000,0x00000000d5967018,0x00000000d5a00000)
  to   space 1024K, 0% used [0x00000000d5a00000,0x00000000d5a00000,0x00000000d5b00000)
 ParOldGen       total 135680K, used 135346K [0x0000000080000000, 0x0000000088480000, 0x00000000d5580000)
  object space 135680K, 99% used [0x0000000080000000,0x000000008842cb28,0x0000000088480000)
 Metaspace       used 61569K, committed 63040K, reserved 1114112K
  class space    used 6496K, committed 7168K, reserved 1048576K
}
Event: 104.327 GC heap after
{Heap after GC invocations=277 (full 3):
 PSYoungGen      total 3584K, used 1024K [0x00000000d5580000, 0x00000000d5b00000, 0x0000000100000000)
  eden space 2560K, 0% used [0x00000000d5580000,0x00000000d5580000,0x00000000d5800000)
  from space 1024K, 100% used [0x00000000d5a00000,0x00000000d5b00000,0x00000000d5b00000)
  to   space 1536K, 0% used [0x00000000d5800000,0x00000000d5800000,0x00000000d5980000)
 ParOldGen       total 136704K, used 136228K [0x0000000080000000, 0x0000000088580000, 0x00000000d5580000)
  object space 136704K, 99% used [0x0000000080000000,0x00000000885093d0,0x0000000088580000)
 Metaspace       used 61569K, committed 63040K, reserved 1114112K
  class space    used 6496K, committed 7168K, reserved 1048576K
}
Event: 104.438 GC heap before
{Heap before GC invocations=278 (full 3):
 PSYoungGen      total 3584K, used 3584K [0x00000000d5580000, 0x00000000d5b00000, 0x0000000100000000)
  eden space 2560K, 100% used [0x00000000d5580000,0x00000000d5800000,0x00000000d5800000)
  from space 1024K, 100% used [0x00000000d5a00000,0x00000000d5b00000,0x00000000d5b00000)
  to   space 1536K, 0% used [0x00000000d5800000,0x00000000d5800000,0x00000000d5980000)
 ParOldGen       total 136704K, used 136228K [0x0000000080000000, 0x0000000088580000, 0x00000000d5580000)
  object space 136704K, 99% used [0x0000000080000000,0x00000000885093d0,0x0000000088580000)
 Metaspace       used 61569K, committed 63040K, reserved 1114112K
  class space    used 6496K, committed 7168K, reserved 1048576K
}
Event: 104.440 GC heap after
{Heap after GC invocations=278 (full 3):
 PSYoungGen      total 4096K, used 1170K [0x00000000d5580000, 0x00000000d5b00000, 0x0000000100000000)
  eden space 2560K, 0% used [0x00000000d5580000,0x00000000d5580000,0x00000000d5800000)
  from space 1536K, 76% used [0x00000000d5800000,0x00000000d5924808,0x00000000d5980000)
  to   space 1536K, 0% used [0x00000000d5980000,0x00000000d5980000,0x00000000d5b00000)
 ParOldGen       total 137216K, used 136941K [0x0000000080000000, 0x0000000088600000, 0x00000000d5580000)
  object space 137216K, 99% used [0x0000000080000000,0x00000000885bb7c8,0x0000000088600000)
 Metaspace       used 61569K, committed 63040K, reserved 1114112K
  class space    used 6496K, committed 7168K, reserved 1048576K
}
Event: 104.614 GC heap before
{Heap before GC invocations=279 (full 3):
 PSYoungGen      total 4096K, used 3730K [0x00000000d5580000, 0x00000000d5b00000, 0x0000000100000000)
  eden space 2560K, 100% used [0x00000000d5580000,0x00000000d5800000,0x00000000d5800000)
  from space 1536K, 76% used [0x00000000d5800000,0x00000000d5924808,0x00000000d5980000)
  to   space 1536K, 0% used [0x00000000d5980000,0x00000000d5980000,0x00000000d5b00000)
 ParOldGen       total 137216K, used 136941K [0x0000000080000000, 0x0000000088600000, 0x00000000d5580000)
  object space 137216K, 99% used [0x0000000080000000,0x00000000885bb7c8,0x0000000088600000)
 Metaspace       used 61569K, committed 63040K, reserved 1114112K
  class space    used 6496K, committed 7168K, reserved 1048576K
}
Event: 104.618 GC heap after
{Heap after GC invocations=279 (full 3):
 PSYoungGen      total 4096K, used 1088K [0x00000000d5580000, 0x00000000d5b00000, 0x0000000100000000)
  eden space 2560K, 0% used [0x00000000d5580000,0x00000000d5580000,0x00000000d5800000)
  from space 1536K, 70% used [0x00000000d5980000,0x00000000d5a90000,0x00000000d5b00000)
  to   space 1536K, 0% used [0x00000000d5800000,0x00000000d5800000,0x00000000d5980000)
 ParOldGen       total 138240K, used 137830K [0x0000000080000000, 0x0000000088700000, 0x00000000d5580000)
  object space 138240K, 99% used [0x0000000080000000,0x0000000088699b78,0x0000000088700000)
 Metaspace       used 61569K, committed 63040K, reserved 1114112K
  class space    used 6496K, committed 7168K, reserved 1048576K
}
Event: 104.940 GC heap before
{Heap before GC invocations=280 (full 3):
 PSYoungGen      total 4096K, used 3647K [0x00000000d5580000, 0x00000000d5b00000, 0x0000000100000000)
  eden space 2560K, 99% used [0x00000000d5580000,0x00000000d57ffe40,0x00000000d5800000)
  from space 1536K, 70% used [0x00000000d5980000,0x00000000d5a90000,0x00000000d5b00000)
  to   space 1536K, 0% used [0x00000000d5800000,0x00000000d5800000,0x00000000d5980000)
 ParOldGen       total 138240K, used 137830K [0x0000000080000000, 0x0000000088700000, 0x00000000d5580000)
  object space 138240K, 99% used [0x0000000080000000,0x0000000088699b78,0x0000000088700000)
 Metaspace       used 61589K, committed 63040K, reserved 1114112K
  class space    used 6497K, committed 7168K, reserved 1048576K
}
Event: 104.942 GC heap after
{Heap after GC invocations=280 (full 3):
 PSYoungGen      total 3584K, used 640K [0x00000000d5580000, 0x00000000d5a00000, 0x0000000100000000)
  eden space 2560K, 0% used [0x00000000d5580000,0x00000000d5580000,0x00000000d5800000)
  from space 1024K, 62% used [0x00000000d5800000,0x00000000d58a0020,0x00000000d5900000)
  to   space 1024K, 0% used [0x00000000d5900000,0x00000000d5900000,0x00000000d5a00000)
 ParOldGen       total 138752K, used 138581K [0x0000000080000000, 0x0000000088780000, 0x00000000d5580000)
  object space 138752K, 99% used [0x0000000080000000,0x00000000887554f0,0x0000000088780000)
 Metaspace       used 61589K, committed 63040K, reserved 1114112K
  class space    used 6497K, committed 7168K, reserved 1048576K
}
Event: 104.973 GC heap before
{Heap before GC invocations=281 (full 3):
 PSYoungGen      total 3584K, used 3194K [0x00000000d5580000, 0x00000000d5a00000, 0x0000000100000000)
  eden space 2560K, 99% used [0x00000000d5580000,0x00000000d57fe988,0x00000000d5800000)
  from space 1024K, 62% used [0x00000000d5800000,0x00000000d58a0020,0x00000000d5900000)
  to   space 1024K, 0% used [0x00000000d5900000,0x00000000d5900000,0x00000000d5a00000)
 ParOldGen       total 138752K, used 138581K [0x0000000080000000, 0x0000000088780000, 0x00000000d5580000)
  object space 138752K, 99% used [0x0000000080000000,0x00000000887554f0,0x0000000088780000)
 Metaspace       used 61593K, committed 63040K, reserved 1114112K
  class space    used 6497K, committed 7168K, reserved 1048576K
}
Event: 104.974 GC heap after
{Heap after GC invocations=281 (full 3):
 PSYoungGen      total 3072K, used 128K [0x00000000d5580000, 0x00000000d5980000, 0x0000000100000000)
  eden space 2560K, 0% used [0x00000000d5580000,0x00000000d5580000,0x00000000d5800000)
  from space 512K, 25% used [0x00000000d5900000,0x00000000d5920000,0x00000000d5980000)
  to   space 512K, 0% used [0x00000000d5880000,0x00000000d5880000,0x00000000d5900000)
 ParOldGen       total 139264K, used 139163K [0x0000000080000000, 0x0000000088800000, 0x00000000d5580000)
  object space 139264K, 99% used [0x0000000080000000,0x00000000887e6f38,0x0000000088800000)
 Metaspace       used 61593K, committed 63040K, reserved 1114112K
  class space    used 6497K, committed 7168K, reserved 1048576K
}
Event: 105.155 GC heap before
{Heap before GC invocations=282 (full 3):
 PSYoungGen      total 3072K, used 2688K [0x00000000d5580000, 0x00000000d5980000, 0x0000000100000000)
  eden space 2560K, 100% used [0x00000000d5580000,0x00000000d5800000,0x00000000d5800000)
  from space 512K, 25% used [0x00000000d5900000,0x00000000d5920000,0x00000000d5980000)
  to   space 512K, 0% used [0x00000000d5880000,0x00000000d5880000,0x00000000d5900000)
 ParOldGen       total 139264K, used 139163K [0x0000000080000000, 0x0000000088800000, 0x00000000d5580000)
  object space 139264K, 99% used [0x0000000080000000,0x00000000887e6f38,0x0000000088800000)
 Metaspace       used 61606K, committed 63040K, reserved 1114112K
  class space    used 6497K, committed 7168K, reserved 1048576K
}
Event: 105.156 GC heap after
{Heap after GC invocations=282 (full 3):
 PSYoungGen      total 3072K, used 128K [0x00000000d5580000, 0x00000000d5980000, 0x0000000100000000)
  eden space 2560K, 0% used [0x00000000d5580000,0x00000000d5580000,0x00000000d5800000)
  from space 512K, 25% used [0x00000000d5880000,0x00000000d58a0000,0x00000000d5900000)
  to   space 512K, 0% used [0x00000000d5900000,0x00000000d5900000,0x00000000d5980000)
 ParOldGen       total 139264K, used 139187K [0x0000000080000000, 0x0000000088800000, 0x00000000d5580000)
  object space 139264K, 99% used [0x0000000080000000,0x00000000887ecf38,0x0000000088800000)
 Metaspace       used 61606K, committed 63040K, reserved 1114112K
  class space    used 6497K, committed 7168K, reserved 1048576K
}

Dll operation events (10 events):
Event: 0.364 Loaded shared library c:\Users\Asus\.vscode\extensions\redhat.java-1.54.0-win32-x64\jre\21.0.10-win32-x86_64\bin\java.dll
Event: 1.111 Loaded shared library c:\Users\Asus\.vscode\extensions\redhat.java-1.54.0-win32-x64\jre\21.0.10-win32-x86_64\bin\zip.dll
Event: 1.164 Loaded shared library C:\Users\Asus\.vscode\extensions\redhat.java-1.54.0-win32-x64\jre\21.0.10-win32-x86_64\bin\instrument.dll
Event: 1.192 Loaded shared library C:\Users\Asus\.vscode\extensions\redhat.java-1.54.0-win32-x64\jre\21.0.10-win32-x86_64\bin\net.dll
Event: 1.198 Loaded shared library C:\Users\Asus\.vscode\extensions\redhat.java-1.54.0-win32-x64\jre\21.0.10-win32-x86_64\bin\nio.dll
Event: 1.206 Loaded shared library C:\Users\Asus\.vscode\extensions\redhat.java-1.54.0-win32-x64\jre\21.0.10-win32-x86_64\bin\zip.dll
Event: 1.752 Loaded shared library C:\Users\Asus\.vscode\extensions\redhat.java-1.54.0-win32-x64\jre\21.0.10-win32-x86_64\bin\jimage.dll
Event: 2.592 Loaded shared library c:\Users\Asus\.vscode\extensions\redhat.java-1.54.0-win32-x64\jre\21.0.10-win32-x86_64\bin\verify.dll
Event: 26.775 Loaded shared library C:\Users\Asus\AppData\Roaming\Code\User\globalStorage\redhat.java\1.54.0\config_win\org.eclipse.equinox.launcher\org.eclipse.equinox.launcher.win32.win32.x86_64_1.3.0.v20260203-2149\eclipse_11919.dll
Event: 50.974 Loaded shared library C:\Users\Asus\AppData\Local\Temp\jna-2050672\jna10836152161259645153.dll

Deoptimization events (20 events):
Event: 104.914 Thread 0x00000199ea09b780 Uncommon trap: trap_request=0xffffff45 fr.pc=0x00000199d9948878 relative=0x0000000000002978
Event: 104.914 Thread 0x00000199ea09b780 Uncommon trap: reason=unstable_if action=reinterpret pc=0x00000199d9948878 method=java.net.URI.equalIgnoringCase(Ljava/lang/String;Ljava/lang/String;)Z @ 8 c2
Event: 104.914 Thread 0x00000199ea09b780 DEOPT PACKING pc=0x00000199d9948878 sp=0x0000002ad91fe8c0
Event: 104.914 Thread 0x00000199ea09b780 DEOPT UNPACKING pc=0x00000199d8b83aa2 sp=0x0000002ad91fe820 mode 2
Event: 104.916 Thread 0x00000199ea09b780 Uncommon trap: trap_request=0xffffff45 fr.pc=0x00000199d99279e4 relative=0x0000000000000304
Event: 104.916 Thread 0x00000199ea09b780 Uncommon trap: reason=unstable_if action=reinterpret pc=0x00000199d99279e4 method=java.net.URI.equalIgnoringCase(Ljava/lang/String;Ljava/lang/String;)Z @ 8 c2
Event: 104.916 Thread 0x00000199ea09b780 DEOPT PACKING pc=0x00000199d99279e4 sp=0x0000002ad91feae0
Event: 104.916 Thread 0x00000199ea09b780 DEOPT UNPACKING pc=0x00000199d8b83aa2 sp=0x0000002ad91fea90 mode 2
Event: 104.950 Thread 0x00000199ea09b780 DEOPT PACKING pc=0x00000199d1f5dbfb sp=0x0000002ad91fdd50
Event: 104.950 Thread 0x00000199ea09b780 DEOPT UNPACKING pc=0x00000199d8b84242 sp=0x0000002ad91fd1c0 mode 0
Event: 104.968 Thread 0x00000199ea09b780 DEOPT PACKING pc=0x00000199d296cf2e sp=0x0000002ad91fdc70
Event: 104.968 Thread 0x00000199ea09b780 DEOPT UNPACKING pc=0x00000199d8b84242 sp=0x0000002ad91fd0f8 mode 0
Event: 104.973 Thread 0x00000199ea09b780 DEOPT PACKING pc=0x00000199d1f5dbfb sp=0x0000002ad91fdd50
Event: 104.973 Thread 0x00000199ea09b780 DEOPT UNPACKING pc=0x00000199d8b84242 sp=0x0000002ad91fd1c0 mode 0
Event: 105.255 Thread 0x00000199ea09b780 DEOPT PACKING pc=0x00000199d1825ea0 sp=0x0000002ad91fe810
Event: 105.255 Thread 0x00000199ea09b780 DEOPT UNPACKING pc=0x00000199d8b84242 sp=0x0000002ad91fdd18 mode 3
Event: 105.256 Thread 0x00000199ea09b780 Uncommon trap: trap_request=0xffffff45 fr.pc=0x00000199d95e36ec relative=0x0000000000000c4c
Event: 105.256 Thread 0x00000199ea09b780 Uncommon trap: reason=unstable_if action=reinterpret pc=0x00000199d95e36ec method=java.util.concurrent.ConcurrentHashMap.putVal(Ljava/lang/Object;Ljava/lang/Object;Z)Ljava/lang/Object; @ 245 c2
Event: 105.256 Thread 0x00000199ea09b780 DEOPT PACKING pc=0x00000199d95e36ec sp=0x0000002ad91fea60
Event: 105.256 Thread 0x00000199ea09b780 DEOPT UNPACKING pc=0x00000199d8b83aa2 sp=0x0000002ad91fe9d8 mode 2

Classes loaded (20 events):
Event: 88.217 Loading class java/util/stream/ReduceOps$1ReducingSink
Event: 88.217 Loading class java/util/stream/ReduceOps$1ReducingSink done
Event: 90.242 Loading class java/util/Vector$1
Event: 90.242 Loading class java/util/Vector$1 done
Event: 92.807 Loading class java/util/Hashtable$ValueCollection
Event: 92.808 Loading class java/util/Hashtable$ValueCollection done
Event: 93.061 Loading class java/util/stream/ReferencePipeline$4
Event: 93.061 Loading class java/util/stream/ReferencePipeline$4 done
Event: 93.062 Loading class java/util/stream/Nodes$IntFixedNodeBuilder
Event: 93.064 Loading class java/util/stream/Node$Builder$OfInt
Event: 93.064 Loading class java/util/stream/Node$Builder$OfInt done
Event: 93.064 Loading class java/util/stream/Nodes$IntArrayNode
Event: 93.064 Loading class java/util/stream/Nodes$IntArrayNode done
Event: 93.064 Loading class java/util/stream/Nodes$IntFixedNodeBuilder done
Event: 93.064 Loading class java/util/stream/ReferencePipeline$4$1
Event: 93.065 Loading class java/util/stream/ReferencePipeline$4$1 done
Event: 101.412 Loading class java/util/stream/ReduceOps$4
Event: 101.413 Loading class java/util/stream/ReduceOps$4 done
Event: 101.413 Loading class java/util/stream/ReduceOps$4ReducingSink
Event: 101.413 Loading class java/util/stream/ReduceOps$4ReducingSink done

Classes unloaded (8 events):
Event: 52.434 Thread 0x00000199ce2efaa0 Unloading class 0x00000199811b1000 'java/lang/invoke/LambdaForm$MH+0x00000199811b1000'
Event: 52.434 Thread 0x00000199ce2efaa0 Unloading class 0x00000199811b0c00 'java/lang/invoke/LambdaForm$MH+0x00000199811b0c00'
Event: 52.434 Thread 0x00000199ce2efaa0 Unloading class 0x00000199811b0800 'java/lang/invoke/LambdaForm$MH+0x00000199811b0800'
Event: 52.434 Thread 0x00000199ce2efaa0 Unloading class 0x00000199811b0400 'java/lang/invoke/LambdaForm$MH+0x00000199811b0400'
Event: 52.434 Thread 0x00000199ce2efaa0 Unloading class 0x00000199811b0000 'java/lang/invoke/LambdaForm$BMH+0x00000199811b0000'
Event: 52.434 Thread 0x00000199ce2efaa0 Unloading class 0x00000199811afc00 'java/lang/invoke/LambdaForm$DMH+0x00000199811afc00'
Event: 52.434 Thread 0x00000199ce2efaa0 Unloading class 0x00000199811ae800 'java/lang/invoke/LambdaForm$DMH+0x00000199811ae800'
Event: 92.216 Thread 0x00000199ce2efaa0 Unloading class 0x0000019981631800 'java/lang/invoke/LambdaForm$DMH+0x0000019981631800'

Classes redefined (0 events):
No events

Internal exceptions (20 events):
Event: 100.153 Thread 0x00000199eb955b10 Exception <a 'sun/nio/fs/WindowsException'{0x00000000d5640670}> (0x00000000d5640670) 
thrown [s\src\hotspot\share\prims\jni.cpp, line 520]
Event: 100.193 Thread 0x00000199eb955b10 Exception <a 'sun/nio/fs/WindowsException'{0x00000000d568ada0}> (0x00000000d568ada0) 
thrown [s\src\hotspot\share\prims\jni.cpp, line 520]
Event: 100.284 Thread 0x00000199eb955b10 Exception <a 'sun/nio/fs/WindowsException'{0x00000000d56ec0c8}> (0x00000000d56ec0c8) 
thrown [s\src\hotspot\share\prims\jni.cpp, line 520]
Event: 100.364 Thread 0x00000199eb955b10 Exception <a 'sun/nio/fs/WindowsException'{0x00000000d5714a60}> (0x00000000d5714a60) 
thrown [s\src\hotspot\share\prims\jni.cpp, line 520]
Event: 100.525 Thread 0x00000199eb955b10 Exception <a 'sun/nio/fs/WindowsException'{0x00000000d5706cf0}> (0x00000000d5706cf0) 
thrown [s\src\hotspot\share\prims\jni.cpp, line 520]
Event: 100.547 Thread 0x00000199eb955b10 Implicit null exception at 0x00000199d980b517 to 0x00000199d980c97c
Event: 100.547 Thread 0x00000199eb955b10 Implicit null exception at 0x00000199d97f1dc2 to 0x00000199d97f42dc
Event: 101.311 Thread 0x00000199eb955b10 Exception <a 'java/lang/NoSuchMethodError'{0x00000000d585fd20}: 'int java.lang.invoke.DirectMethodHandle$Holder.invokeSpecialIFC(java.lang.Object, java.lang.Object, java.lang.Object)'> (0x00000000d585fd20) 
thrown [s\src\hotspot\share\interpreter\linkResolver.cpp, line 773]
Event: 102.962 Thread 0x00000199eb955b10 Exception <a 'java/lang/NoSuchMethodError'{0x00000000d57b5cb0}: 'void java.lang.invoke.DirectMethodHandle$Holder.invokeVirtual(java.lang.Object, java.lang.Object, java.lang.Object, java.lang.Object, java.lang.Object)'> (0x00000000d57b5cb0) 
thrown [s\src\hotspot\share\interpreter\linkResolver.cpp, line 773]
Event: 103.060 Thread 0x00000199eb955b10 Exception <a 'sun/nio/fs/WindowsException'{0x00000000d5582470}> (0x00000000d5582470) 
thrown [s\src\hotspot\share\prims\jni.cpp, line 520]
Event: 104.914 Thread 0x00000199ea09b780 Implicit null exception at 0x00000199d9945f8b to 0x00000199d9948858
Event: 104.916 Thread 0x00000199ea09b780 Implicit null exception at 0x00000199d992770d to 0x00000199d99279d4
Event: 104.920 Thread 0x00000199ea09b780 Exception <a 'sun/nio/fs/WindowsException'{0x00000000d576e5b8}> (0x00000000d576e5b8) 
thrown [s\src\hotspot\share\prims\jni.cpp, line 520]
Event: 104.921 Thread 0x00000199ea09b780 Exception <a 'sun/nio/fs/WindowsException'{0x00000000d576f128}> (0x00000000d576f128) 
thrown [s\src\hotspot\share\prims\jni.cpp, line 520]
Event: 104.921 Thread 0x00000199ea09b780 Exception <a 'sun/nio/fs/WindowsException'{0x00000000d57705d8}> (0x00000000d57705d8) 
thrown [s\src\hotspot\share\prims\jni.cpp, line 520]
Event: 104.921 Thread 0x00000199ea09b780 Exception <a 'sun/nio/fs/WindowsException'{0x00000000d5771128}> (0x00000000d5771128) 
thrown [s\src\hotspot\share\prims\jni.cpp, line 520]
Event: 104.922 Thread 0x00000199ea09b780 Exception <a 'sun/nio/fs/WindowsException'{0x00000000d5772f38}> (0x00000000d5772f38) 
thrown [s\src\hotspot\share\prims\jni.cpp, line 520]
Event: 104.923 Thread 0x00000199ea09b780 Exception <a 'sun/nio/fs/WindowsException'{0x00000000d5773ac0}> (0x00000000d5773ac0) 
thrown [s\src\hotspot\share\prims\jni.cpp, line 520]
Event: 104.932 Thread 0x00000199ea09b780 Exception <a 'sun/nio/fs/WindowsException'{0x00000000d5799e18}> (0x00000000d5799e18) 
thrown [s\src\hotspot\share\prims\jni.cpp, line 520]
Event: 104.932 Thread 0x00000199ea09b780 Exception <a 'sun/nio/fs/WindowsException'{0x00000000d579a968}> (0x00000000d579a968) 
thrown [s\src\hotspot\share\prims\jni.cpp, line 520]

ZGC Phase Switch (0 events):
No events

VM Operations (20 events):
Event: 105.154 Executing safepoint VM operation: ParallelGCFailedAllocation (Allocation Failure)
Event: 105.156 Executing safepoint VM operation: ParallelGCFailedAllocation (Allocation Failure) done
Event: 105.255 Executing non-safepoint VM operation: HandshakeAllThreads (Deoptimize)
Event: 105.255 Executing non-safepoint VM operation: HandshakeAllThreads (Deoptimize) done
Event: 106.262 Executing safepoint VM operation: Cleanup
Event: 106.262 Executing safepoint VM operation: Cleanup done
Event: 120.651 Executing non-safepoint VM operation: HandshakeAllThreads (HandshakeForDeflation)
Event: 120.651 Executing non-safepoint VM operation: HandshakeAllThreads (HandshakeForDeflation) done
Event: 120.661 Executing non-safepoint VM operation: RendezvousGCThreads
Event: 120.661 Executing non-safepoint VM operation: RendezvousGCThreads done
Event: 352.273 Executing safepoint VM operation: Cleanup
Event: 352.273 Executing safepoint VM operation: Cleanup done
Event: 361.054 Executing non-safepoint VM operation: HandshakeAllThreads (HandshakeForDeflation)
Event: 361.054 Executing non-safepoint VM operation: HandshakeAllThreads (HandshakeForDeflation) done
Event: 361.054 Executing non-safepoint VM operation: RendezvousGCThreads
Event: 361.054 Executing non-safepoint VM operation: RendezvousGCThreads done
Event: 721.640 Executing non-safepoint VM operation: HandshakeAllThreads (HandshakeForDeflation)
Event: 721.640 Executing non-safepoint VM operation: HandshakeAllThreads (HandshakeForDeflation) done
Event: 721.641 Executing non-safepoint VM operation: RendezvousGCThreads
Event: 721.641 Executing non-safepoint VM operation: RendezvousGCThreads done

Memory protections (0 events):
No events

Nmethod flushes (20 events):
Event: 92.254 Thread 0x00000199ce2efaa0 flushing  nmethod 0x00000199d2125190
Event: 92.254 Thread 0x00000199ce2efaa0 flushing  nmethod 0x00000199d2126710
Event: 92.254 Thread 0x00000199ce2efaa0 flushing  nmethod 0x00000199d212e390
Event: 92.254 Thread 0x00000199ce2efaa0 flushing  nmethod 0x00000199d2140210
Event: 92.254 Thread 0x00000199ce2efaa0 flushing  nmethod 0x00000199d2146990
Event: 92.254 Thread 0x00000199ce2efaa0 flushing osr nmethod 0x00000199d2153090
Event: 92.254 Thread 0x00000199ce2efaa0 flushing  nmethod 0x00000199d2162610
Event: 92.254 Thread 0x00000199ce2efaa0 flushing  nmethod 0x00000199d2168b10
Event: 92.254 Thread 0x00000199ce2efaa0 flushing  nmethod 0x00000199d216a110
Event: 92.254 Thread 0x00000199ce2efaa0 flushing  nmethod 0x00000199d217dd10
Event: 92.254 Thread 0x00000199ce2efaa0 flushing  nmethod 0x00000199d2197290
Event: 92.254 Thread 0x00000199ce2efaa0 flushing  nmethod 0x00000199d2198310
Event: 92.254 Thread 0x00000199ce2efaa0 flushing  nmethod 0x00000199d21c1b10
Event: 92.254 Thread 0x00000199ce2efaa0 flushing  nmethod 0x00000199d21cee90
Event: 92.254 Thread 0x00000199ce2efaa0 flushing  nmethod 0x00000199d21ef490
Event: 92.254 Thread 0x00000199ce2efaa0 flushing  nmethod 0x00000199d21f7b10
Event: 92.254 Thread 0x00000199ce2efaa0 flushing  nmethod 0x00000199d21fd490
Event: 92.254 Thread 0x00000199ce2efaa0 flushing  nmethod 0x00000199d2204090
Event: 92.254 Thread 0x00000199ce2efaa0 flushing  nmethod 0x00000199d2204690
Event: 92.254 Thread 0x00000199ce2efaa0 flushing  nmethod 0x00000199d220be90

Events (20 events):
Event: 77.495 Thread 0x00000199ea0a2080 Thread exited: 0x00000199ea0a2080
Event: 77.496 Thread 0x00000199ed602070 Thread exited: 0x00000199ed602070
Event: 80.583 Thread 0x00000199e59d0510 Thread exited: 0x00000199e59d0510
Event: 80.664 Thread 0x00000199ce377320 Thread added: 0x00000199ec124bc0
Event: 84.096 Thread 0x00000199ec124bc0 Thread exited: 0x00000199ec124bc0
Event: 84.145 Thread 0x00000199ce377320 Thread added: 0x00000199ef46f330
Event: 88.359 Thread 0x00000199ef46f330 Thread exited: 0x00000199ef46f330
Event: 88.865 Thread 0x00000199ce304e50 Thread added: 0x00000199ee396a40
Event: 91.242 Thread 0x00000199ee396a40 Thread exited: 0x00000199ee396a40
Event: 91.813 Thread 0x00000199ce377320 Thread added: 0x00000199eef9d620
Event: 94.493 Thread 0x00000199eef9d620 Thread exited: 0x00000199eef9d620
Event: 101.130 Thread 0x00000199ce377320 Thread added: 0x00000199eea85e60
Event: 103.990 Thread 0x00000199eea85e60 Thread exited: 0x00000199eea85e60
Event: 163.070 Thread 0x00000199eb48e350 Thread exited: 0x00000199eb48e350
Event: 163.088 Thread 0x00000199eb9561a0 Thread exited: 0x00000199eb9561a0
Event: 163.088 Thread 0x00000199eb956830 Thread exited: 0x00000199eb956830
Event: 164.918 Thread 0x00000199eb953a40 Thread exited: 0x00000199eb953a40
Event: 165.264 Thread 0x00000199ea09b780 Thread exited: 0x00000199ea09b780
Event: 225.272 Thread 0x00000199ea09ec00 Thread exited: 0x00000199ea09ec00
Event: 285.302 Thread 0x00000199ea09e570 Thread exited: 0x00000199ea09e570


Dynamic libraries:
0x00007ff630230000 - 0x00007ff63023e000 	c:\Users\Asus\.vscode\extensions\redhat.java-1.54.0-win32-x64\jre\21.0.10-win32-x86_64\bin\java.exe
0x00007ffa048e0000 - 0x00007ffa04b46000 	C:\WINDOWS\SYSTEM32\ntdll.dll
0x00007ffa03670000 - 0x00007ffa03739000 	C:\WINDOWS\System32\KERNEL32.DLL
0x00007ffa01e90000 - 0x00007ffa0228a000 	C:\WINDOWS\System32\KERNELBASE.dll
0x00007ff9fe640000 - 0x00007ff9fe6e0000 	C:\WINDOWS\SYSTEM32\apphelp.dll
0x00007ffa02500000 - 0x00007ffa0264c000 	C:\WINDOWS\System32\ucrtbase.dll
0x00007ff9cb270000 - 0x00007ff9cb288000 	c:\Users\Asus\.vscode\extensions\redhat.java-1.54.0-win32-x64\jre\21.0.10-win32-x86_64\bin\jli.dll
0x00007ffa03340000 - 0x00007ffa03507000 	C:\WINDOWS\System32\USER32.dll
0x00007ffa02290000 - 0x00007ffa022b7000 	C:\WINDOWS\System32\win32u.dll
0x00007ffa03980000 - 0x00007ffa039ab000 	C:\WINDOWS\System32\GDI32.dll
0x00007ffa01b70000 - 0x00007ffa01c9b000 	C:\WINDOWS\System32\gdi32full.dll
0x00007ffa01de0000 - 0x00007ffa01e83000 	C:\WINDOWS\System32\msvcp_win.dll
0x00007ff9d27c0000 - 0x00007ff9d27de000 	c:\Users\Asus\.vscode\extensions\redhat.java-1.54.0-win32-x64\jre\21.0.10-win32-x86_64\bin\VCRUNTIME140.dll
0x00007ff9eb0b0000 - 0x00007ff9eb342000 	C:\WINDOWS\WinSxS\amd64_microsoft.windows.common-controls_6595b64144ccf1df_6.0.26100.8521_none_3e08b75ce33403b3\COMCTL32.dll
0x00007ffa02ab0000 - 0x00007ffa02b59000 	C:\WINDOWS\System32\msvcrt.dll
0x00007ffa04020000 - 0x00007ffa04052000 	C:\WINDOWS\System32\IMM32.DLL
0x00007ff9fe530000 - 0x00007ff9fe53c000 	c:\Users\Asus\.vscode\extensions\redhat.java-1.54.0-win32-x64\jre\21.0.10-win32-x86_64\bin\vcruntime140_1.dll
0x00007ff96a850000 - 0x00007ff96a8dd000 	c:\Users\Asus\.vscode\extensions\redhat.java-1.54.0-win32-x64\jre\21.0.10-win32-x86_64\bin\msvcp140.dll
0x00007ff94f120000 - 0x00007ff94fec1000 	c:\Users\Asus\.vscode\extensions\redhat.java-1.54.0-win32-x64\jre\21.0.10-win32-x86_64\bin\server\jvm.dll
0x00007ffa03110000 - 0x00007ffa031c6000 	C:\WINDOWS\System32\ADVAPI32.dll
0x00007ffa02a00000 - 0x00007ffa02aaa000 	C:\WINDOWS\System32\sechost.dll
0x00007ffa02b60000 - 0x00007ffa02c78000 	C:\WINDOWS\System32\RPCRT4.dll
0x00007ffa02900000 - 0x00007ffa02980000 	C:\WINDOWS\System32\WS2_32.dll
0x00007ffa019d0000 - 0x00007ffa01a2e000 	C:\WINDOWS\SYSTEM32\POWRPROF.dll
0x00007ff9fa3d0000 - 0x00007ff9fa406000 	C:\WINDOWS\SYSTEM32\WINMM.dll
0x00007ff9fa410000 - 0x00007ff9fa41b000 	C:\WINDOWS\SYSTEM32\VERSION.dll
0x00007ffa019b0000 - 0x00007ffa019c4000 	C:\WINDOWS\SYSTEM32\UMPDC.dll
0x00007ffa00900000 - 0x00007ffa0091b000 	C:\WINDOWS\SYSTEM32\kernel.appcore.dll
0x00007ff9f7080000 - 0x00007ff9f708a000 	c:\Users\Asus\.vscode\extensions\redhat.java-1.54.0-win32-x64\jre\21.0.10-win32-x86_64\bin\jimage.dll
0x00007ff9ff160000 - 0x00007ff9ff3a2000 	C:\WINDOWS\SYSTEM32\DBGHELP.DLL
0x00007ffa02c80000 - 0x00007ffa03003000 	C:\WINDOWS\System32\combase.dll
0x00007ffa03740000 - 0x00007ffa03819000 	C:\WINDOWS\System32\OLEAUT32.dll
0x00007ff9d2f30000 - 0x00007ff9d2f6b000 	C:\WINDOWS\SYSTEM32\dbgcore.DLL
0x00007ffa01ca0000 - 0x00007ffa01d48000 	C:\WINDOWS\System32\bcryptPrimitives.dll
0x00007ff9f2120000 - 0x00007ff9f212f000 	c:\Users\Asus\.vscode\extensions\redhat.java-1.54.0-win32-x64\jre\21.0.10-win32-x86_64\bin\instrument.dll
0x00007ff9bed90000 - 0x00007ff9bedb0000 	c:\Users\Asus\.vscode\extensions\redhat.java-1.54.0-win32-x64\jre\21.0.10-win32-x86_64\bin\java.dll
0x00007ffa04060000 - 0x00007ffa047e4000 	C:\WINDOWS\System32\SHELL32.dll
0x00007ff9ff770000 - 0x00007ff9ffff0000 	C:\WINDOWS\SYSTEM32\windows.storage.dll
0x00007ffa03010000 - 0x00007ffa03106000 	C:\WINDOWS\System32\SHCORE.dll
0x00007ffa031d0000 - 0x00007ffa03237000 	C:\WINDOWS\System32\shlwapi.dll
0x00007ffa01a90000 - 0x00007ffa01ab9000 	C:\WINDOWS\SYSTEM32\profapi.dll
0x00007ff9bed70000 - 0x00007ff9bed88000 	c:\Users\Asus\.vscode\extensions\redhat.java-1.54.0-win32-x64\jre\21.0.10-win32-x86_64\bin\zip.dll
0x00007ff9ecf30000 - 0x00007ff9ecf40000 	C:\Users\Asus\.vscode\extensions\redhat.java-1.54.0-win32-x64\jre\21.0.10-win32-x86_64\bin\net.dll
0x00007ff9f5f80000 - 0x00007ff9f60a9000 	C:\WINDOWS\SYSTEM32\WINHTTP.dll
0x00007ffa00e70000 - 0x00007ffa00edc000 	C:\WINDOWS\system32\mswsock.dll
0x00007ff9b1160000 - 0x00007ff9b1176000 	C:\Users\Asus\.vscode\extensions\redhat.java-1.54.0-win32-x64\jre\21.0.10-win32-x86_64\bin\nio.dll
0x00007ff9ebc20000 - 0x00007ff9ebc30000 	c:\Users\Asus\.vscode\extensions\redhat.java-1.54.0-win32-x64\jre\21.0.10-win32-x86_64\bin\verify.dll
0x00007ff9acd00000 - 0x00007ff9acd45000 	C:\Users\Asus\AppData\Roaming\Code\User\globalStorage\redhat.java\1.54.0\config_win\org.eclipse.equinox.launcher\org.eclipse.equinox.launcher.win32.win32.x86_64_1.3.0.v20260203-2149\eclipse_11919.dll
0x00007ffa039b0000 - 0x00007ffa03b48000 	C:\WINDOWS\System32\ole32.dll
0x00007ffa01150000 - 0x00007ffa0116b000 	C:\WINDOWS\SYSTEM32\CRYPTSP.dll
0x00007ffa00860000 - 0x00007ffa00899000 	C:\WINDOWS\system32\rsaenh.dll
0x00007ffa00f20000 - 0x00007ffa00f53000 	C:\WINDOWS\SYSTEM32\USERENV.dll
0x00007ffa01a60000 - 0x00007ffa01a8a000 	C:\WINDOWS\SYSTEM32\bcrypt.dll
0x00007ffa01170000 - 0x00007ffa0117c000 	C:\WINDOWS\SYSTEM32\CRYPTBASE.dll
0x00007ffa00350000 - 0x00007ffa00383000 	C:\WINDOWS\SYSTEM32\IPHLPAPI.DLL
0x00007ffa029f0000 - 0x00007ffa029fa000 	C:\WINDOWS\System32\NSI.dll
0x00007ff9812a0000 - 0x00007ff9812e9000 	C:\Users\Asus\AppData\Local\Temp\jna-2050672\jna10836152161259645153.dll
0x00007ffa028f0000 - 0x00007ffa028f8000 	C:\WINDOWS\System32\PSAPI.DLL
0x00007ff9f6300000 - 0x00007ff9f631d000 	C:\WINDOWS\SYSTEM32\dhcpcsvc6.DLL
0x00007ff9f62d0000 - 0x00007ff9f62f5000 	C:\WINDOWS\SYSTEM32\dhcpcsvc.DLL

JVMTI agents:
c:\Users\Asus\.vscode\extensions\redhat.java-1.54.0-win32-x64\lombok\lombok-1.18.39-4050.jar path:c:\Users\Asus\.vscode\extensions\redhat.java-1.54.0-win32-x64\jre\21.0.10-win32-x86_64\bin\instrument.dll, loaded, initialized, instrumentlib options:none

dbghelp: loaded successfully - version: 4.0.5 - missing functions: none
symbol engine: initialized successfully - sym options: 0x614 - pdb path: .;c:\Users\Asus\.vscode\extensions\redhat.java-1.54.0-win32-x64\jre\21.0.10-win32-x86_64\bin;C:\WINDOWS\SYSTEM32;C:\WINDOWS\WinSxS\amd64_microsoft.windows.common-controls_6595b64144ccf1df_6.0.26100.8521_none_3e08b75ce33403b3;c:\Users\Asus\.vscode\extensions\redhat.java-1.54.0-win32-x64\jre\21.0.10-win32-x86_64\bin\server;C:\Users\Asus\AppData\Roaming\Code\User\globalStorage\redhat.java\1.54.0\config_win\org.eclipse.equinox.launcher\org.eclipse.equinox.launcher.win32.win32.x86_64_1.3.0.v20260203-2149;C:\Users\Asus\AppData\Local\Temp\jna-2050672

VM Arguments:
jvm_args: --add-modules=ALL-SYSTEM --add-opens=java.base/java.util=ALL-UNNAMED --add-opens=java.base/java.lang=ALL-UNNAMED --add-opens=java.base/sun.nio.fs=ALL-UNNAMED -Declipse.application=org.eclipse.jdt.ls.core.id1 -Dosgi.bundles.defaultStartLevel=4 -Declipse.product=org.eclipse.jdt.ls.core.product -Djava.import.generatesMetadataFilesAtProjectRoot=false -DDetectVMInstallationsJob.disabled=true -Dfile.encoding=utf8 -XX:+UseParallelGC -XX:GCTimeRatio=4 -XX:AdaptiveSizePolicyWeight=90 -Dsun.zip.disableMemoryMapping=true -Xmx2G -Xms100m -Xlog:disable -javaagent:c:\Users\Asus\.vscode\extensions\redhat.java-1.54.0-win32-x64\lombok\lombok-1.18.39-4050.jar -XX:+HeapDumpOnOutOfMemoryError -XX:HeapDumpPath=c:\Users\Asus\AppData\Roaming\Code\User\workspaceStorage\40e30e32edeb16a1481251fe87c5cfc4\redhat.java -Daether.dependencyCollector.impl=bf 
java_command: c:\Users\Asus\.vscode\extensions\redhat.java-1.54.0-win32-x64\server\plugins\org.eclipse.equinox.launcher_1.7.100.v20251111-0406.jar -configuration c:\Users\Asus\AppData\Roaming\Code\User\globalStorage\redhat.java\1.54.0\config_win -data c:\Users\Asus\AppData\Roaming\Code\User\workspaceStorage\40e30e32edeb16a1481251fe87c5cfc4\redhat.java\jdt_ws --pipe=\\.\pipe\lsp-6f1c3217ac6aa3a910e366c11c464623-sock
java_class_path (initial): c:\Users\Asus\.vscode\extensions\redhat.java-1.54.0-win32-x64\server\plugins\org.eclipse.equinox.launcher_1.7.100.v20251111-0406.jar
Launcher Type: SUN_STANDARD

[Global flags]
    uintx AdaptiveSizePolicyWeight                 = 90                                        {product} {command line}
     intx CICompilerCount                          = 3                                         {product} {ergonomic}
    uintx GCTimeRatio                              = 4                                         {product} {command line}
     bool HeapDumpOnOutOfMemoryError               = true                                   {manageable} {command line}
    ccstr HeapDumpPath                             = c:\Users\Asus\AppData\Roaming\Code\User\workspaceStorage\40e30e32edeb16a1481251fe87c5cfc4\redhat.java         {manageable} {command line}
   size_t InitialHeapSize                          = 104857600                                 {product} {command line}
   size_t MaxHeapSize                              = 2147483648                                {product} {command line}
   size_t MaxNewSize                               = 715653120                                 {product} {ergonomic}
   size_t MinHeapDeltaBytes                        = 524288                                    {product} {ergonomic}
   size_t MinHeapSize                              = 104857600                                 {product} {command line}
   size_t NewSize                                  = 34603008                                  {product} {ergonomic}
    uintx NonNMethodCodeHeapSize                   = 5832780                                {pd product} {ergonomic}
    uintx NonProfiledCodeHeapSize                  = 122912730                              {pd product} {ergonomic}
   size_t OldSize                                  = 70254592                                  {product} {ergonomic}
    uintx ProfiledCodeHeapSize                     = 122912730                              {pd product} {ergonomic}
    uintx ReservedCodeCacheSize                    = 251658240                              {pd product} {ergonomic}
     bool SegmentedCodeCache                       = true                                      {product} {ergonomic}
   size_t SoftMaxHeapSize                          = 2147483648                             {manageable} {ergonomic}
     bool UseCompressedOops                        = true                           {product lp64_product} {ergonomic}
     bool UseLargePagesIndividualAllocation        = false                                  {pd product} {ergonomic}
     bool UseParallelGC                            = true                                      {product} {command line}

Logging:
Log output configuration:
 #0: stdout all=off uptime,level,tags foldmultilines=false
 #1: stderr all=off uptime,level,tags foldmultilines=false

Release file:
JAVA_VERSION="21.0.10" 
MODULES="java.base java.compiler java.datatransfer java.xml java.prefs java.desktop java.instrument java.logging java.management java.security.sasl java.naming java.rmi java.management.rmi java.net.http java.scripting java.security.jgss java.transaction.xa java.sql java.sql.rowset java.xml.crypto java.se java.smartcardio jdk.accessibility jdk.internal.jvmstat jdk.attach jdk.charsets jdk.internal.opt jdk.zipfs jdk.compiler jdk.crypto.ec jdk.crypto.cryptoki jdk.crypto.mscapi jdk.dynalink jdk.internal.ed jdk.editpad jdk.hotspot.agent jdk.httpserver jdk.internal.le jdk.internal.vm.ci jdk.internal.vm.compiler jdk.internal.vm.compiler.management jdk.jartool jdk.javadoc jdk.jcmd jdk.management jdk.management.agent jdk.jconsole jdk.jdeps jdk.jdwp.agent jdk.jdi jdk.jfr jdk.jshell jdk.jsobject jdk.jstatd jdk.localedata jdk.management.jfr jdk.naming.dns jdk.naming.rmi jdk.net jdk.nio.mapmode jdk.random jdk.sctp jdk.security.auth jdk.security.jgss jdk.unsupported jdk.unsupported.desktop jdk.xml.dom" 

Environment Variables:
PATH=C:\Users\Asus\AppData\Local\Programs\Microsoft VS Code;C:\Program Files (x86)\Common Files\Oracle\Java\java8path;C:\Program Files (x86)\Common Files\Oracle\Java\javapath;C:\oracle\product\10.2.0\db_1\bin;C:\Program Files (x86)\VMware\VMware Player\bin\;C:\WINDOWS\system32;C:\WINDOWS;C:\WINDOWS\System32\Wbem;C:\WINDOWS\System32\WindowsPowerShell\v1.0\;C:\WINDOWS\System32\OpenSSH\;C:\Program Files\Git\cmd;C:\Program Files\nodejs\;C:\Users\Asus\AppData\Local\Microsoft\WindowsApps;;C:\Program Files\JetBrains\IntelliJ IDEA 2023.1.4\bin;;C:\Users\Asus\AppData\Local\Programs\Microsoft VS Code\bin;C:\Users\Asus\AppData\Roaming\npm
USERNAME=Asus
OS=Windows_NT
PROCESSOR_IDENTIFIER=AMD64 Family 23 Model 24 Stepping 1, AuthenticAMD
TMP=C:\Users\Asus\AppData\Local\Temp
TEMP=C:\Users\Asus\AppData\Local\Temp




Periodic native trim disabled

---------------  S Y S T E M  ---------------

OS:
 Windows 11 , 64 bit Build 26100 (10.0.26100.8521)
OS uptime: 6 days 2:38 hours

CPU: total 4 (initial active 4) (4 cores per cpu, 2 threads per core) family 23 model 24 stepping 1 microcode 0x8108109, cx8, cmov, fxsr, ht, mmx, 3dnowpref, sse, sse2, sse3, ssse3, sse4a, sse4.1, sse4.2, popcnt, lzcnt, tsc, tscinvbit, avx, avx2, aes, clmul, bmi1, bmi2, adx, sha, fma, vzeroupper, clflush, clflushopt, rdtscp, f16c
Processor Information for the first 4 processors :
  Max Mhz: 2600, Current Mhz: 2600, Mhz Limit: 2600

Memory: 4k page, system-wide physical 6091M (446M free)
TotalPageFile size 16402M (AvailPageFile size 5M)
current process WorkingSet (physical memory assigned to process): 11M, peak: 369M
current process commit charge ("private bytes"): 416M, peak: 437M

vm_info: OpenJDK 64-Bit Server VM (21.0.10+7-LTS) for windows-amd64 JRE (21.0.10+7-LTS), built on 2026-01-20T00:00:00Z by "admin" with MS VC++ 17.12 (VS2022)

END.
